{
  "stats": {
    "suites": 1,
    "tests": 1,
    "passes": 1,
    "pending": 0,
    "failures": 0,
    "start": "2022-09-09T14:44:06.247Z",
    "end": "2022-09-09T14:44:33.361Z",
    "duration": 27114,
    "testsRegistered": 1,
    "passPercent": 100,
    "pendingPercent": 0,
    "other": 0,
    "hasOther": false,
    "skipped": 0,
    "hasSkipped": false
  },
  "results": [
    {
      "uuid": "5ab6e3eb-f940-4a7e-a157-b816a7f51e71",
      "title": "",
      "fullFile": "C:\\Users\\TESTING COMPANY\\appium-project\\steps\\students_test.js",
      "file": "\\steps\\students_test.js",
      "beforeHooks": [],
      "afterHooks": [],
      "tests": [],
      "suites": [
        {
          "uuid": "0f8688cb-613f-4d55-a43b-e6b620f6d056",
          "title": "Students",
          "fullFile": "C:\\Users\\TESTING COMPANY\\appium-project\\steps\\students_test.js",
          "file": "\\steps\\students_test.js",
          "beforeHooks": [
            {
              "title": "\"before all\" hook: codeceptjs.beforeSuite in \"Students\"",
              "fullTitle": "Students \"before all\" hook: codeceptjs.beforeSuite in \"Students\"",
              "timedOut": false,
              "duration": 4,
              "state": null,
              "speed": null,
              "pass": false,
              "fail": false,
              "pending": false,
              "context": null,
              "code": "scenario.suiteSetup(suite)",
              "err": {},
              "uuid": "bf881909-976a-4fb6-ba7c-44a0c0282201",
              "parentUUID": "0f8688cb-613f-4d55-a43b-e6b620f6d056",
              "isHook": true,
              "skipped": false
            },
            {
              "title": "\"before each\" hook: codeceptjs.before in \"Students\"",
              "fullTitle": "Students \"before each\" hook: codeceptjs.before in \"Students\"",
              "timedOut": false,
              "duration": 14456,
              "state": null,
              "speed": null,
              "pass": false,
              "fail": false,
              "pending": false,
              "context": null,
              "code": "scenario.setup(suite)",
              "err": {},
              "uuid": "867e1baf-a205-40dd-a443-6b18fd8edb2a",
              "parentUUID": "0f8688cb-613f-4d55-a43b-e6b620f6d056",
              "isHook": true,
              "skipped": false
            }
          ],
          "afterHooks": [
            {
              "title": "\"after all\" hook: codeceptjs.afterSuite in \"Students\"",
              "fullTitle": "Students \"after all\" hook: codeceptjs.afterSuite in \"Students\"",
              "timedOut": false,
              "duration": 1,
              "state": null,
              "speed": null,
              "pass": false,
              "fail": false,
              "pending": false,
              "context": null,
              "code": "scenario.suiteTeardown(suite)",
              "err": {},
              "uuid": "24b3cb42-6afb-4246-8450-7f592542b95e",
              "parentUUID": "0f8688cb-613f-4d55-a43b-e6b620f6d056",
              "isHook": true,
              "skipped": false
            },
            {
              "title": "\"after each\" hook: finalize codeceptjs in \"Students\"",
              "fullTitle": "Students \"after each\" hook: finalize codeceptjs in \"Students\"",
              "timedOut": false,
              "duration": 1281,
              "state": null,
              "speed": null,
              "pass": false,
              "fail": false,
              "pending": false,
              "context": null,
              "code": "scenario.teardown(suite)",
              "err": {},
              "uuid": "54079ab0-3fc9-4d71-b5bf-9a0545cc23a3",
              "parentUUID": "0f8688cb-613f-4d55-a43b-e6b620f6d056",
              "isHook": true,
              "skipped": false
            }
          ],
          "tests": [
            {
              "title": "Add something with success",
              "fullTitle": "Students: Add something with success",
              "timedOut": false,
              "duration": 11316,
              "state": "passed",
              "speed": "slow",
              "pass": true,
              "fail": false,
              "pending": false,
              "context": null,
              "code": "const myCode = code.getCode()\n    const myName = name.getName()\n    login_page.doLogin(\"teste@teste.com\", \"123456\")\n    home_page.registerStudent(myCode, myName)   \n    home_page.searchStudent(myName, myCode)",
              "err": {},
              "uuid": "2da55188-e365-4c34-992c-940548817d49",
              "parentUUID": "0f8688cb-613f-4d55-a43b-e6b620f6d056",
              "isHook": false,
              "skipped": false
            }
          ],
          "suites": [],
          "passes": [
            "2da55188-e365-4c34-992c-940548817d49"
          ],
          "failures": [],
          "pending": [],
          "skipped": [],
          "duration": 11316,
          "root": false,
          "rootEmpty": false,
          "_timeout": 0
        }
      ],
      "passes": [],
      "failures": [],
      "pending": [],
      "skipped": [],
      "duration": 0,
      "root": true,
      "rootEmpty": true,
      "_timeout": 0
    }
  ],
  "meta": {
    "mocha": {
      "version": "10.0.0"
    },
    "mochawesome": {
      "options": {
        "quiet": false,
        "reportFilename": "mochawesome",
        "saveHtml": true,
        "saveJson": true,
        "consoleReporter": "spec",
        "useInlineDiffs": false,
        "code": true
      },
      "version": "7.1.3"
    },
    "marge": {
      "options": {},
      "version": "6.2.0"
    }
  }
}